Determining if the function sgemm_ exists failed with the following output:
Change Dir: D:/Projects/dlib-19.17/dlib/CMakeFiles/CMakeTmp

Run Build Command:"D:/Program Files (x86)/Microsoft Visual Studio/community/MSBuild/15.0/Bin/MSBuild.exe" "cmTC_1a76f.vcxproj" "/p:Configuration=Debug" "/p:Platform=x64" "/p:VisualStudioVersion=15.0"
用于 .NET Framework 的 Microsoft (R) 生成引擎版本 15.9.21+g9802d43bc3
版权所有(C) Microsoft Corporation。保留所有权利。

生成启动时间为 2019/9/8 15:42:25。
节点 1 上的项目“D:\Projects\dlib-19.17\dlib\CMakeFiles\CMakeTmp\cmTC_1a76f.vcxproj”(默认目标)。
PrepareForBuild:
  正在创建目录“cmTC_1a76f.dir\Debug\”。
  正在创建目录“D:\Projects\dlib-19.17\dlib\CMakeFiles\CMakeTmp\Debug\”。
  正在创建目录“cmTC_1a76f.dir\Debug\cmTC_1a76f.tlog\”。
InitializeBuildStatus:
  正在创建“cmTC_1a76f.dir\Debug\cmTC_1a76f.tlog\unsuccessfulbuild”，因为已指定“AlwaysCreate”。
ClCompile:
  D:\Program Files (x86)\Microsoft Visual Studio\community\VC\Tools\MSVC\14.16.27023\bin\HostX86\x64\CL.exe /c /Zi /W3 /WX- /diagnostics:classic /Od /Ob0 /D WIN32 /D _WINDOWS /D CHECK_FUNCTION_EXISTS=sgemm_ /D "CMAKE_INTDIR=\"Debug\"" /D _MBCS /Gm- /RTC1 /MDd /GS /fp:precise /Zc:wchar_t /Zc:forScope /Zc:inline /Fo"cmTC_1a76f.dir\Debug\\" /Fd"cmTC_1a76f.dir\Debug\vc141.pdb" /Gd /TC /errorReport:queue "D:\Program Files(x86)\Cmake\share\cmake-3.13\Modules\CheckFunctionExists.c"
  用于 x64 的 Microsoft (R) C/C++ 优化编译器 19.16.27030.1 版
  版权所有(C) Microsoft Corporation。保留所有权利。
  
  cl /c /Zi /W3 /WX- /diagnostics:classic /Od /Ob0 /D WIN32 /D _WINDOWS /D CHECK_FUNCTION_EXISTS=sgemm_ /D "CMAKE_INTDIR=\"Debug\"" /D _MBCS /Gm- /RTC1 /MDd /GS /fp:precise /Zc:wchar_t /Zc:forScope /Zc:inline /Fo"cmTC_1a76f.dir\Debug\\" /Fd"cmTC_1a76f.dir\Debug\vc141.pdb" /Gd /TC /errorReport:queue "D:\Program Files(x86)\Cmake\share\cmake-3.13\Modules\CheckFunctionExists.c"
  CheckFunctionExists.c
  
Link:
  D:\Program Files (x86)\Microsoft Visual Studio\community\VC\Tools\MSVC\14.16.27023\bin\HostX86\x64\link.exe /ERRORREPORT:QUEUE /OUT:"D:\Projects\dlib-19.17\dlib\CMakeFiles\CMakeTmp\Debug\cmTC_1a76f.exe" /INCREMENTAL /NOLOGO kernel32.lib user32.lib gdi32.lib winspool.lib shell32.lib ole32.lib oleaut32.lib uuid.lib comdlg32.lib advapi32.lib /MANIFEST /MANIFESTUAC:"level='asInvoker' uiAccess='false'" /manifest:embed /DEBUG /PDB:"D:/Projects/dlib-19.17/dlib/CMakeFiles/CMakeTmp/Debug/cmTC_1a76f.pdb" /SUBSYSTEM:CONSOLE /TLBID:1 /DYNAMICBASE /NXCOMPAT /IMPLIB:"D:/Projects/dlib-19.17/dlib/CMakeFiles/CMakeTmp/Debug/cmTC_1a76f.lib" /MACHINE:X64  /machine:x64 cmTC_1a76f.dir\Debug\CheckFunctionExists.obj
CheckFunctionExists.obj : error LNK2019: 无法解析的外部符号 sgemm_，该符号在函数 main 中被引用 [D:\Projects\dlib-19.17\dlib\CMakeFiles\CMakeTmp\cmTC_1a76f.vcxproj]
D:\Projects\dlib-19.17\dlib\CMakeFiles\CMakeTmp\Debug\cmTC_1a76f.exe : fatal error LNK1120: 1 个无法解析的外部命令 [D:\Projects\dlib-19.17\dlib\CMakeFiles\CMakeTmp\cmTC_1a76f.vcxproj]
已完成生成项目“D:\Projects\dlib-19.17\dlib\CMakeFiles\CMakeTmp\cmTC_1a76f.vcxproj”(默认目标)的操作 - 失败。

生成失败。

“D:\Projects\dlib-19.17\dlib\CMakeFiles\CMakeTmp\cmTC_1a76f.vcxproj”(默认目标) (1) ->
(Link 目标) -> 
  CheckFunctionExists.obj : error LNK2019: 无法解析的外部符号 sgemm_，该符号在函数 main 中被引用 [D:\Projects\dlib-19.17\dlib\CMakeFiles\CMakeTmp\cmTC_1a76f.vcxproj]
  D:\Projects\dlib-19.17\dlib\CMakeFiles\CMakeTmp\Debug\cmTC_1a76f.exe : fatal error LNK1120: 1 个无法解析的外部命令 [D:\Projects\dlib-19.17\dlib\CMakeFiles\CMakeTmp\cmTC_1a76f.vcxproj]

    0 个警告
    2 个错误

已用时间 00:00:00.81


Determining if the include file pthread.h exists failed with the following output:
Change Dir: D:/Projects/dlib-19.17/dlib/CMakeFiles/CMakeTmp

Run Build Command:"D:/Program Files (x86)/Microsoft Visual Studio/community/MSBuild/15.0/Bin/MSBuild.exe" "cmTC_cc27f.vcxproj" "/p:Configuration=Debug" "/p:Platform=x64" "/p:VisualStudioVersion=15.0"
用于 .NET Framework 的 Microsoft (R) 生成引擎版本 15.9.21+g9802d43bc3
版权所有(C) Microsoft Corporation。保留所有权利。

生成启动时间为 2019/9/8 15:42:26。
节点 1 上的项目“D:\Projects\dlib-19.17\dlib\CMakeFiles\CMakeTmp\cmTC_cc27f.vcxproj”(默认目标)。
PrepareForBuild:
  正在创建目录“cmTC_cc27f.dir\Debug\”。
  正在创建目录“D:\Projects\dlib-19.17\dlib\CMakeFiles\CMakeTmp\Debug\”。
  正在创建目录“cmTC_cc27f.dir\Debug\cmTC_cc27f.tlog\”。
InitializeBuildStatus:
  正在创建“cmTC_cc27f.dir\Debug\cmTC_cc27f.tlog\unsuccessfulbuild”，因为已指定“AlwaysCreate”。
ClCompile:
  D:\Program Files (x86)\Microsoft Visual Studio\community\VC\Tools\MSVC\14.16.27023\bin\HostX86\x64\CL.exe /c /Zi /W3 /WX- /diagnostics:classic /Od /Ob0 /D WIN32 /D _WINDOWS /D "CMAKE_INTDIR=\"Debug\"" /D _MBCS /Gm- /RTC1 /MDd /GS /fp:precise /Zc:wchar_t /Zc:forScope /Zc:inline /Fo"cmTC_cc27f.dir\Debug\\" /Fd"cmTC_cc27f.dir\Debug\vc141.pdb" /Gd /TC /errorReport:queue "D:\Projects\dlib-19.17\dlib\CMakeFiles\CMakeTmp\CheckIncludeFile.c"
  用于 x64 的 Microsoft (R) C/C++ 优化编译器 19.16.27030.1 版
  版权所有(C) Microsoft Corporation。保留所有权利。
  
  cl /c /Zi /W3 /WX- /diagnostics:classic /Od /Ob0 /D WIN32 /D _WINDOWS /D "CMAKE_INTDIR=\"Debug\"" /D _MBCS /Gm- /RTC1 /MDd /GS /fp:precise /Zc:wchar_t /Zc:forScope /Zc:inline /Fo"cmTC_cc27f.dir\Debug\\" /Fd"cmTC_cc27f.dir\Debug\vc141.pdb" /Gd /TC /errorReport:queue "D:\Projects\dlib-19.17\dlib\CMakeFiles\CMakeTmp\CheckIncludeFile.c"
  CheckIncludeFile.c
  
D:\Projects\dlib-19.17\dlib\CMakeFiles\CMakeTmp\CheckIncludeFile.c(1): fatal error C1083: 无法打开包括文件: “pthread.h”: No such file or directory [D:\Projects\dlib-19.17\dlib\CMakeFiles\CMakeTmp\cmTC_cc27f.vcxproj]
已完成生成项目“D:\Projects\dlib-19.17\dlib\CMakeFiles\CMakeTmp\cmTC_cc27f.vcxproj”(默认目标)的操作 - 失败。

生成失败。

“D:\Projects\dlib-19.17\dlib\CMakeFiles\CMakeTmp\cmTC_cc27f.vcxproj”(默认目标) (1) ->
(ClCompile 目标) -> 
  D:\Projects\dlib-19.17\dlib\CMakeFiles\CMakeTmp\CheckIncludeFile.c(1): fatal error C1083: 无法打开包括文件: “pthread.h”: No such file or directory [D:\Projects\dlib-19.17\dlib\CMakeFiles\CMakeTmp\cmTC_cc27f.vcxproj]

    0 个警告
    1 个错误

已用时间 00:00:00.46


